<?xml version="1.0" encoding="UTF-8"?>
<testsuite xmlns:xsi="http://www.w3.org/2001/XMLSchema-instance" xsi:noNamespaceSchemaLocation="https://maven.apache.org/surefire/maven-surefire-plugin/xsd/surefire-test-report-3.0.xsd" version="3.0" name="dev.futbolmama.msvcustws.MsVCustWsApplicationTests" time="6.774" tests="1" errors="0" skipped="0" failures="0">
  <properties>
[...]
</properties>
  <testcase name="contextLoads" classname="dev.futbolmama.msvcustws.MsVCustWsApplicationTests" time="0.814">
    <system-out><![CDATA[00:32:07.742 [main] INFO org.springframework.test.context.support.AnnotationConfigContextLoaderUtils -- Could not detect default configuration classes for test class [dev.futbolmama.msvcustws.MsVCustWsApplicationTests]: MsVCustWsApplicationTests does not declare any static, non-private, non-final, nested classes annotated with @Configuration.
00:32:07.926 [main] INFO org.springframework.boot.test.context.SpringBootTestContextBootstrapper -- Found @SpringBootConfiguration dev.futbolmama.msvcustws.MsVCustWsApplication for test class dev.futbolmama.msvcustws.MsVCustWsApplicationTests
00:32:08.080 [main] INFO org.springframework.boot.devtools.restart.RestartApplicationListener -- Restart disabled due to context in which it is running

  .   ____          _            __ _ _
 /\\ / ___'_ __ _ _(_)_ __  __ _ \ \ \ \
( ( )\___ | '_ | '_| | '_ \/ _` | \ \ \ \
 \\/  ___)| |_)| | | | | || (_| |  ) ) ) )
  '  |____| .__|_| |_|_| |_\__, | / / / /
 =========|_|==============|___/=/_/_/_/

 :: Spring Boot ::                (v3.3.5)

2024-10-31T00:32:08.335-06:00  INFO 62537 --- [ms-v-cust-ws] [           main] d.f.msvcustws.MsVCustWsApplicationTests  : Starting MsVCustWsApplicationTests using Java 21.0.2 with PID 62537 (started by msuarez in /Users/msuarez/Documents/GitHub/ms-v-cust-ws)
2024-10-31T00:32:08.336-06:00  INFO 62537 --- [ms-v-cust-ws] [           main] d.f.msvcustws.MsVCustWsApplicationTests  : No active profile set, falling back to 1 default profile: "default"
2024-10-31T00:32:09.122-06:00  INFO 62537 --- [ms-v-cust-ws] [           main] .s.d.r.c.RepositoryConfigurationDelegate : Bootstrapping Spring Data JDBC repositories in DEFAULT mode.
2024-10-31T00:32:09.136-06:00  INFO 62537 --- [ms-v-cust-ws] [           main] .s.d.r.c.RepositoryConfigurationDelegate : Finished Spring Data repository scanning in 10 ms. Found 0 JDBC repository interfaces.
2024-10-31T00:32:09.390-06:00  INFO 62537 --- [ms-v-cust-ws] [           main] org.testcontainers.images.PullPolicy     : Image pull policy will be performed by: DefaultPullPolicy()
2024-10-31T00:32:09.392-06:00  INFO 62537 --- [ms-v-cust-ws] [           main] o.t.utility.ImageNameSubstitutor         : Image name substitution will be performed by: DefaultImageNameSubstitutor (composite of 'ConfigurationFileImageNameSubstitutor' and 'PrefixingImageNameSubstitutor')
2024-10-31T00:32:09.564-06:00  INFO 62537 --- [ms-v-cust-ws] [           main] o.t.d.DockerClientProviderStrategy       : Loaded org.testcontainers.dockerclient.UnixSocketClientProviderStrategy from ~/.testcontainers.properties, will try it first
2024-10-31T00:32:09.820-06:00  INFO 62537 --- [ms-v-cust-ws] [           main] o.t.d.DockerClientProviderStrategy       : Found Docker environment with local Unix socket (unix:///var/run/docker.sock)
2024-10-31T00:32:09.821-06:00  INFO 62537 --- [ms-v-cust-ws] [           main] org.testcontainers.DockerClientFactory   : Docker host IP address is localhost
2024-10-31T00:32:09.838-06:00  INFO 62537 --- [ms-v-cust-ws] [           main] org.testcontainers.DockerClientFactory   : Connected to docker: 
  Server Version: 27.2.0
  API Version: 1.47
  Operating System: Docker Desktop
  Total Memory: 7838 MB
2024-10-31T00:32:09.861-06:00  INFO 62537 --- [ms-v-cust-ws] [           main] tc.testcontainers/ryuk:0.7.0             : Creating container for image: testcontainers/ryuk:0.7.0
2024-10-31T00:32:10.471-06:00  INFO 62537 --- [ms-v-cust-ws] [           main] tc.testcontainers/ryuk:0.7.0             : Container testcontainers/ryuk:0.7.0 is starting: be90fdbccfc354d526bad4196c5894aabef228017e648df7fac2abd6900e476e
2024-10-31T00:32:10.788-06:00  INFO 62537 --- [ms-v-cust-ws] [           main] tc.testcontainers/ryuk:0.7.0             : Container testcontainers/ryuk:0.7.0 started in PT0.927396S
2024-10-31T00:32:10.796-06:00  INFO 62537 --- [ms-v-cust-ws] [           main] o.t.utility.RyukResourceReaper           : Ryuk started - will monitor and terminate Testcontainers containers on JVM exit
2024-10-31T00:32:10.796-06:00  INFO 62537 --- [ms-v-cust-ws] [           main] org.testcontainers.DockerClientFactory   : Checking the system...
2024-10-31T00:32:10.797-06:00  INFO 62537 --- [ms-v-cust-ws] [           main] org.testcontainers.DockerClientFactory   : ✔︎ Docker server version should be at least 1.6.0
2024-10-31T00:32:10.797-06:00  INFO 62537 --- [ms-v-cust-ws] [           main] tc.postgres:latest                       : Creating container for image: postgres:latest
2024-10-31T00:32:10.833-06:00  INFO 62537 --- [ms-v-cust-ws] [           main] tc.postgres:latest                       : Container postgres:latest is starting: e0177ab1509f7c2133c1c4432b4c8dcae56f7497045a236a18cfab2765aee810
2024-10-31T00:32:12.120-06:00  INFO 62537 --- [ms-v-cust-ws] [           main] tc.postgres:latest                       : Container postgres:latest started in PT1.322787S
2024-10-31T00:32:12.121-06:00  INFO 62537 --- [ms-v-cust-ws] [           main] tc.postgres:latest                       : Container is started (JDBC URL: jdbc:postgresql://localhost:56046/testdb?loggerLevel=OFF)
2024-10-31T00:32:12.189-06:00 DEBUG 62537 --- [ms-v-cust-ws] [           main] com.zaxxer.hikari.HikariConfig           : Driver class org.postgresql.Driver found in Thread context class loader jdk.internal.loader.ClassLoaders$AppClassLoader@63c12fb0
2024-10-31T00:32:12.200-06:00 DEBUG 62537 --- [ms-v-cust-ws] [           main] com.zaxxer.hikari.HikariConfig           : Driver class org.postgresql.Driver found in Thread context class loader jdk.internal.loader.ClassLoaders$AppClassLoader@63c12fb0
2024-10-31T00:32:12.833-06:00 DEBUG 62537 --- [ms-v-cust-ws] [           main] o.s.jdbc.datasource.DataSourceUtils      : Fetching JDBC Connection from DataSource
2024-10-31T00:32:12.833-06:00 DEBUG 62537 --- [ms-v-cust-ws] [           main] com.zaxxer.hikari.HikariConfig           : HikariPool-1 - configuration:
2024-10-31T00:32:12.837-06:00 DEBUG 62537 --- [ms-v-cust-ws] [           main] com.zaxxer.hikari.HikariConfig           : allowPoolSuspension.............false
2024-10-31T00:32:12.837-06:00 DEBUG 62537 --- [ms-v-cust-ws] [           main] com.zaxxer.hikari.HikariConfig           : autoCommit......................true
2024-10-31T00:32:12.837-06:00 DEBUG 62537 --- [ms-v-cust-ws] [           main] com.zaxxer.hikari.HikariConfig           : catalog.........................none
2024-10-31T00:32:12.837-06:00 DEBUG 62537 --- [ms-v-cust-ws] [           main] com.zaxxer.hikari.HikariConfig           : connectionInitSql...............none
2024-10-31T00:32:12.837-06:00 DEBUG 62537 --- [ms-v-cust-ws] [           main] com.zaxxer.hikari.HikariConfig           : connectionTestQuery.............none
2024-10-31T00:32:12.838-06:00 DEBUG 62537 --- [ms-v-cust-ws] [           main] com.zaxxer.hikari.HikariConfig           : connectionTimeout...............30000
2024-10-31T00:32:12.838-06:00 DEBUG 62537 --- [ms-v-cust-ws] [           main] com.zaxxer.hikari.HikariConfig           : dataSource......................none
2024-10-31T00:32:12.838-06:00 DEBUG 62537 --- [ms-v-cust-ws] [           main] com.zaxxer.hikari.HikariConfig           : dataSourceClassName.............none
2024-10-31T00:32:12.838-06:00 DEBUG 62537 --- [ms-v-cust-ws] [           main] com.zaxxer.hikari.HikariConfig           : dataSourceJNDI..................none
2024-10-31T00:32:12.839-06:00 DEBUG 62537 --- [ms-v-cust-ws] [           main] com.zaxxer.hikari.HikariConfig           : dataSourceProperties............{password=<masked>}
2024-10-31T00:32:12.839-06:00 DEBUG 62537 --- [ms-v-cust-ws] [           main] com.zaxxer.hikari.HikariConfig           : driverClassName................."org.postgresql.Driver"
2024-10-31T00:32:12.839-06:00 DEBUG 62537 --- [ms-v-cust-ws] [           main] com.zaxxer.hikari.HikariConfig           : exceptionOverrideClassName......none
2024-10-31T00:32:12.839-06:00 DEBUG 62537 --- [ms-v-cust-ws] [           main] com.zaxxer.hikari.HikariConfig           : healthCheckProperties...........{}
2024-10-31T00:32:12.839-06:00 DEBUG 62537 --- [ms-v-cust-ws] [           main] com.zaxxer.hikari.HikariConfig           : healthCheckRegistry.............none
2024-10-31T00:32:12.840-06:00 DEBUG 62537 --- [ms-v-cust-ws] [           main] com.zaxxer.hikari.HikariConfig           : idleTimeout.....................600000
2024-10-31T00:32:12.840-06:00 DEBUG 62537 --- [ms-v-cust-ws] [           main] com.zaxxer.hikari.HikariConfig           : initializationFailTimeout.......1
2024-10-31T00:32:12.840-06:00 DEBUG 62537 --- [ms-v-cust-ws] [           main] com.zaxxer.hikari.HikariConfig           : isolateInternalQueries..........false
2024-10-31T00:32:12.840-06:00 DEBUG 62537 --- [ms-v-cust-ws] [           main] com.zaxxer.hikari.HikariConfig           : jdbcUrl.........................jdbc:postgresql://localhost:56046/testdb?loggerLevel=OFF
2024-10-31T00:32:12.840-06:00 DEBUG 62537 --- [ms-v-cust-ws] [           main] com.zaxxer.hikari.HikariConfig           : keepaliveTime...................0
2024-10-31T00:32:12.840-06:00 DEBUG 62537 --- [ms-v-cust-ws] [           main] com.zaxxer.hikari.HikariConfig           : leakDetectionThreshold..........0
2024-10-31T00:32:12.841-06:00 DEBUG 62537 --- [ms-v-cust-ws] [           main] com.zaxxer.hikari.HikariConfig           : maxLifetime.....................1800000
2024-10-31T00:32:12.841-06:00 DEBUG 62537 --- [ms-v-cust-ws] [           main] com.zaxxer.hikari.HikariConfig           : maximumPoolSize.................10
2024-10-31T00:32:12.841-06:00 DEBUG 62537 --- [ms-v-cust-ws] [           main] com.zaxxer.hikari.HikariConfig           : metricRegistry..................none
2024-10-31T00:32:12.841-06:00 DEBUG 62537 --- [ms-v-cust-ws] [           main] com.zaxxer.hikari.HikariConfig           : metricsTrackerFactory...........none
2024-10-31T00:32:12.841-06:00 DEBUG 62537 --- [ms-v-cust-ws] [           main] com.zaxxer.hikari.HikariConfig           : minimumIdle.....................10
2024-10-31T00:32:12.841-06:00 DEBUG 62537 --- [ms-v-cust-ws] [           main] com.zaxxer.hikari.HikariConfig           : password........................<masked>
2024-10-31T00:32:12.841-06:00 DEBUG 62537 --- [ms-v-cust-ws] [           main] com.zaxxer.hikari.HikariConfig           : poolName........................"HikariPool-1"
2024-10-31T00:32:12.841-06:00 DEBUG 62537 --- [ms-v-cust-ws] [           main] com.zaxxer.hikari.HikariConfig           : readOnly........................false
2024-10-31T00:32:12.841-06:00 DEBUG 62537 --- [ms-v-cust-ws] [           main] com.zaxxer.hikari.HikariConfig           : registerMbeans..................false
2024-10-31T00:32:12.842-06:00 DEBUG 62537 --- [ms-v-cust-ws] [           main] com.zaxxer.hikari.HikariConfig           : scheduledExecutor...............none
2024-10-31T00:32:12.842-06:00 DEBUG 62537 --- [ms-v-cust-ws] [           main] com.zaxxer.hikari.HikariConfig           : schema..........................none
2024-10-31T00:32:12.842-06:00 DEBUG 62537 --- [ms-v-cust-ws] [           main] com.zaxxer.hikari.HikariConfig           : threadFactory...................internal
2024-10-31T00:32:12.842-06:00 DEBUG 62537 --- [ms-v-cust-ws] [           main] com.zaxxer.hikari.HikariConfig           : transactionIsolation............default
2024-10-31T00:32:12.842-06:00 DEBUG 62537 --- [ms-v-cust-ws] [           main] com.zaxxer.hikari.HikariConfig           : username........................"postgres"
2024-10-31T00:32:12.842-06:00 DEBUG 62537 --- [ms-v-cust-ws] [           main] com.zaxxer.hikari.HikariConfig           : validationTimeout...............5000
2024-10-31T00:32:12.842-06:00  INFO 62537 --- [ms-v-cust-ws] [           main] com.zaxxer.hikari.HikariDataSource       : HikariPool-1 - Starting...
2024-10-31T00:32:13.162-06:00  INFO 62537 --- [ms-v-cust-ws] [           main] com.zaxxer.hikari.pool.HikariPool        : HikariPool-1 - Added connection org.postgresql.jdbc.PgConnection@4fc256ec
2024-10-31T00:32:13.164-06:00  INFO 62537 --- [ms-v-cust-ws] [           main] com.zaxxer.hikari.HikariDataSource       : HikariPool-1 - Start completed.
2024-10-31T00:32:13.265-06:00 DEBUG 62537 --- [ms-v-cust-ws] [l-1 housekeeper] com.zaxxer.hikari.pool.HikariPool        : HikariPool-1 - Pool stats (total=1, active=0, idle=1, waiting=0)
2024-10-31T00:32:13.329-06:00  INFO 62537 --- [ms-v-cust-ws] [           main] o.s.b.a.e.web.EndpointLinksResolver      : Exposing 14 endpoints beneath base path '/actuator'
2024-10-31T00:32:13.337-06:00 DEBUG 62537 --- [ms-v-cust-ws] [onnection adder] com.zaxxer.hikari.pool.HikariPool        : HikariPool-1 - Added connection org.postgresql.jdbc.PgConnection@74272fbc
2024-10-31T00:32:13.368-06:00 DEBUG 62537 --- [ms-v-cust-ws] [onnection adder] com.zaxxer.hikari.pool.HikariPool        : HikariPool-1 - After adding stats (total=2, active=0, idle=2, waiting=0)
2024-10-31T00:32:13.429-06:00 DEBUG 62537 --- [ms-v-cust-ws] [onnection adder] com.zaxxer.hikari.pool.HikariPool        : HikariPool-1 - Added connection org.postgresql.jdbc.PgConnection@7edf44cc
2024-10-31T00:32:13.440-06:00  INFO 62537 --- [ms-v-cust-ws] [           main] d.f.msvcustws.MsVCustWsApplicationTests  : Started MsVCustWsApplicationTests in 5.37 seconds (process running for 6.458)
2024-10-31T00:32:13.464-06:00 DEBUG 62537 --- [ms-v-cust-ws] [onnection adder] com.zaxxer.hikari.pool.HikariPool        : HikariPool-1 - After adding stats (total=3, active=0, idle=3, waiting=0)
2024-10-31T00:32:13.485-06:00 DEBUG 62537 --- [ms-v-cust-ws] [onnection adder] com.zaxxer.hikari.pool.HikariPool        : HikariPool-1 - Added connection org.postgresql.jdbc.PgConnection@3bddd573
2024-10-31T00:32:13.519-06:00 DEBUG 62537 --- [ms-v-cust-ws] [onnection adder] com.zaxxer.hikari.pool.HikariPool        : HikariPool-1 - After adding stats (total=4, active=0, idle=4, waiting=0)
2024-10-31T00:32:13.537-06:00 DEBUG 62537 --- [ms-v-cust-ws] [onnection adder] com.zaxxer.hikari.pool.HikariPool        : HikariPool-1 - Added connection org.postgresql.jdbc.PgConnection@76ca577b
2024-10-31T00:32:13.571-06:00 DEBUG 62537 --- [ms-v-cust-ws] [onnection adder] com.zaxxer.hikari.pool.HikariPool        : HikariPool-1 - After adding stats (total=5, active=0, idle=5, waiting=0)
2024-10-31T00:32:13.591-06:00 DEBUG 62537 --- [ms-v-cust-ws] [onnection adder] com.zaxxer.hikari.pool.HikariPool        : HikariPool-1 - Added connection org.postgresql.jdbc.PgConnection@a2ccc75
2024-10-31T00:32:13.622-06:00 DEBUG 62537 --- [ms-v-cust-ws] [onnection adder] com.zaxxer.hikari.pool.HikariPool        : HikariPool-1 - After adding stats (total=6, active=0, idle=6, waiting=0)
2024-10-31T00:32:13.641-06:00 DEBUG 62537 --- [ms-v-cust-ws] [onnection adder] com.zaxxer.hikari.pool.HikariPool        : HikariPool-1 - Added connection org.postgresql.jdbc.PgConnection@ed110d8
2024-10-31T00:32:13.675-06:00 DEBUG 62537 --- [ms-v-cust-ws] [onnection adder] com.zaxxer.hikari.pool.HikariPool        : HikariPool-1 - After adding stats (total=7, active=0, idle=7, waiting=0)
2024-10-31T00:32:13.694-06:00 DEBUG 62537 --- [ms-v-cust-ws] [onnection adder] com.zaxxer.hikari.pool.HikariPool        : HikariPool-1 - Added connection org.postgresql.jdbc.PgConnection@5bf22a3c
2024-10-31T00:32:13.728-06:00 DEBUG 62537 --- [ms-v-cust-ws] [onnection adder] com.zaxxer.hikari.pool.HikariPool        : HikariPool-1 - After adding stats (total=8, active=0, idle=8, waiting=0)
2024-10-31T00:32:13.748-06:00 DEBUG 62537 --- [ms-v-cust-ws] [onnection adder] com.zaxxer.hikari.pool.HikariPool        : HikariPool-1 - Added connection org.postgresql.jdbc.PgConnection@7f27dfb6
2024-10-31T00:32:13.782-06:00 DEBUG 62537 --- [ms-v-cust-ws] [onnection adder] com.zaxxer.hikari.pool.HikariPool        : HikariPool-1 - After adding stats (total=9, active=0, idle=9, waiting=0)
2024-10-31T00:32:13.802-06:00 DEBUG 62537 --- [ms-v-cust-ws] [onnection adder] com.zaxxer.hikari.pool.HikariPool        : HikariPool-1 - Added connection org.postgresql.jdbc.PgConnection@1304eb43
2024-10-31T00:32:13.834-06:00 DEBUG 62537 --- [ms-v-cust-ws] [onnection adder] com.zaxxer.hikari.pool.HikariPool        : HikariPool-1 - After adding stats (total=10, active=0, idle=10, waiting=0)
]]></system-out>
    <system-err><![CDATA[WARNING: A Java agent has been loaded dynamically (/Users/msuarez/.m2/repository/net/bytebuddy/byte-buddy-agent/1.14.19/byte-buddy-agent-1.14.19.jar)
WARNING: If a serviceability tool is in use, please run with -XX:+EnableDynamicAgentLoading to hide this warning
WARNING: If a serviceability tool is not in use, please run with -Djdk.instrument.traceUsage for more information
WARNING: Dynamic loading of agents will be disallowed by default in a future release
]]></system-err>
  </testcase>
</testsuite>